<?xml version="1.0" encoding="UTF-8"?>
<!-- Generated by org.testng.reporters.JUnitReportReporter -->
<testsuite hostname="DESKTOP-Q88ETHJ" failures="0" tests="1" name="com.spicejet.objectRepository.TestPractice2" time="0.004" errors="0" timestamp="2022-12-06T08:59:53 PST" skipped="0">
  <testcase classname="com.spicejet.objectRepository.TestPractice2" name="test1" time="0.004"/>
  <system-out>
    <![CDATA[test2]]>
  </system-out>
</testsuite> <!-- com.spicejet.objectRepository.TestPractice2 -->
