<?xml version="1.0" encoding="UTF-8"?>
<!-- Generated by org.testng.reporters.JUnitReportReporter -->
<testsuite hostname="DESKTOP-Q88ETHJ" failures="0" tests="10" name="com.spicejet.objectRepository.TestNGPractice1" time="0.078" errors="0" timestamp="2022-12-05T08:40:19 PST" skipped="0">
  <testcase classname="com.spicejet.objectRepository.TestNGPractice1" name="dataTest" time="0.001"/>
  <system-out/>
  <testcase classname="com.spicejet.objectRepository.TestNGPractice1" name="dataTest" time="0.014"/>
  <system-out/>
  <testcase classname="com.spicejet.objectRepository.TestNGPractice1" name="dataTest" time="0.005"/>
  <system-out/>
  <testcase classname="com.spicejet.objectRepository.TestNGPractice1" name="dataTest" time="0.008"/>
  <system-out/>
  <testcase classname="com.spicejet.objectRepository.TestNGPractice1" name="dataTest" time="0.002"/>
  <system-out/>
  <testcase classname="com.spicejet.objectRepository.TestNGPractice1" name="dataTest" time="0.015"/>
  <system-out/>
  <testcase classname="com.spicejet.objectRepository.TestNGPractice1" name="dataTest" time="0.009"/>
  <system-out/>
  <testcase classname="com.spicejet.objectRepository.TestNGPractice1" name="dataTest" time="0.005"/>
  <system-out/>
  <testcase classname="com.spicejet.objectRepository.TestNGPractice1" name="dataTest" time="0.008"/>
  <system-out/>
  <testcase classname="com.spicejet.objectRepository.TestNGPractice1" name="dataTest" time="0.011"/>
  <system-out/>
</testsuite> <!-- com.spicejet.objectRepository.TestNGPractice1 -->
