<?xml version="1.0" encoding="UTF-8"?>
<!-- Generated by org.testng.reporters.JUnitReportReporter -->
<testsuite hostname="DESKTOP-Q88ETHJ" failures="0" tests="2" name="com.spicejet.objectRepository.TestPractice1" time="0.015" errors="0" timestamp="2022-12-06T08:59:53 PST" skipped="0">
  <testcase classname="com.spicejet.objectRepository.TestPractice1" name="test1" time="0.012"/>
  <system-out>
    <![CDATA[test1]]>
  </system-out>
  <testcase classname="com.spicejet.objectRepository.TestPractice1" name="test1" time="0.003"/>
  <system-out>
    <![CDATA[test1]]>
  </system-out>
</testsuite> <!-- com.spicejet.objectRepository.TestPractice1 -->
